0 info it worked if it ends with ok
1 verbose cli [ '/usr/bin/node', '/usr/bin/npm', 'install', '-g', 'grunt-cli' ]
2 info using npm@1.4.14
3 info using node@v0.10.29
4 verbose node symlink /usr/bin/node
5 verbose cache add [ 'grunt-cli', null ]
6 verbose cache add name=undefined spec="grunt-cli" args=["grunt-cli",null]
7 verbose parsed url { protocol: null,
7 verbose parsed url   slashes: null,
7 verbose parsed url   auth: null,
7 verbose parsed url   host: null,
7 verbose parsed url   port: null,
7 verbose parsed url   hostname: null,
7 verbose parsed url   hash: null,
7 verbose parsed url   search: null,
7 verbose parsed url   query: null,
7 verbose parsed url   pathname: 'grunt-cli',
7 verbose parsed url   path: 'grunt-cli',
7 verbose parsed url   href: 'grunt-cli' }
8 silly lockFile 671ef8ac-grunt-cli grunt-cli
9 verbose lock grunt-cli /home/rodrigo/.npm/671ef8ac-grunt-cli.lock
10 silly lockFile 671ef8ac-grunt-cli grunt-cli
11 silly lockFile 671ef8ac-grunt-cli grunt-cli
12 verbose addNamed [ 'grunt-cli', '' ]
13 verbose addNamed [ null, '*' ]
14 silly lockFile d63f3d0b-grunt-cli grunt-cli@
15 verbose lock grunt-cli@ /home/rodrigo/.npm/d63f3d0b-grunt-cli.lock
16 silly addNameRange { name: 'grunt-cli', range: '*', hasData: false }
17 verbose url raw grunt-cli
18 verbose url resolving [ 'https://registry.npmjs.org/', './grunt-cli' ]
19 verbose url resolved https://registry.npmjs.org/grunt-cli
20 info trying registry request attempt 1 at 15:36:55
21 verbose etag "BKKBIIBYYOWI7ZX1DHVV9PWAG"
22 http GET https://registry.npmjs.org/grunt-cli
23 http 200 https://registry.npmjs.org/grunt-cli
24 silly registry.get cb [ 200,
24 silly registry.get   { date: 'Tue, 30 Dec 2014 17:36:56 GMT',
24 silly registry.get     server: 'CouchDB/1.5.0 (Erlang OTP/R16B03)',
24 silly registry.get     etag: '"8IRNUW5DNWWC81KLYVNWJT0U1"',
24 silly registry.get     'content-type': 'application/json',
24 silly registry.get     'cache-control': 'max-age=60',
24 silly registry.get     'content-length': '20186',
24 silly registry.get     'accept-ranges': 'bytes',
24 silly registry.get     via: '1.1 varnish',
24 silly registry.get     age: '0',
24 silly registry.get     'x-served-by': 'cache-iad2148-IAD',
24 silly registry.get     'x-cache': 'HIT',
24 silly registry.get     'x-cache-hits': '1',
24 silly registry.get     'x-timer': 'S1419961016.966300,VS0,VE0',
24 silly registry.get     vary: 'Accept',
24 silly registry.get     'keep-alive': 'timeout=10, max=50',
24 silly registry.get     connection: 'Keep-Alive' } ]
25 silly addNameRange number 2 { name: 'grunt-cli', range: '*', hasData: true }
26 silly addNameRange versions [ 'grunt-cli',
26 silly addNameRange   [ '0.1.0',
26 silly addNameRange     '0.1.1',
26 silly addNameRange     '0.1.2',
26 silly addNameRange     '0.1.3',
26 silly addNameRange     '0.1.4',
26 silly addNameRange     '0.1.5',
26 silly addNameRange     '0.1.6',
26 silly addNameRange     '0.1.7',
26 silly addNameRange     '0.1.8',
26 silly addNameRange     '0.1.9',
26 silly addNameRange     '0.1.10',
26 silly addNameRange     '0.1.11',
26 silly addNameRange     '0.1.12',
26 silly addNameRange     '0.1.13' ] ]
27 verbose addNamed [ 'grunt-cli', '0.1.13' ]
28 verbose addNamed [ '0.1.13', '0.1.13' ]
29 silly lockFile 28997503-grunt-cli-0-1-13 grunt-cli@0.1.13
30 verbose lock grunt-cli@0.1.13 /home/rodrigo/.npm/28997503-grunt-cli-0-1-13.lock
31 silly lockFile 28997503-grunt-cli-0-1-13 grunt-cli@0.1.13
32 silly lockFile 28997503-grunt-cli-0-1-13 grunt-cli@0.1.13
33 silly lockFile d63f3d0b-grunt-cli grunt-cli@
34 silly lockFile d63f3d0b-grunt-cli grunt-cli@
35 silly resolved [ { name: 'grunt-cli',
35 silly resolved     description: 'The grunt command line interface.',
35 silly resolved     version: '0.1.13',
35 silly resolved     author: { name: 'Grunt Team' },
35 silly resolved     homepage: 'http://gruntjs.com/',
35 silly resolved     repository: { type: 'git', url: 'git://github.com/gruntjs/grunt-cli.git' },
35 silly resolved     bugs: { url: 'http://github.com/gruntjs/grunt-cli/issues' },
35 silly resolved     licenses: [ [Object] ],
35 silly resolved     bin: { grunt: 'bin/grunt' },
35 silly resolved     engines: { node: '>= 0.8.0' },
35 silly resolved     scripts: { test: 'node bin/grunt test' },
35 silly resolved     preferGlobal: true,
35 silly resolved     dependencies: { nopt: '~1.0.10', 'findup-sync': '~0.1.0', resolve: '~0.3.1' },
35 silly resolved     devDependencies: { grunt: '~0.4.0', 'grunt-contrib-jshint': '~0.2.0' },
35 silly resolved     contributors: [ [Object], [Object], [Object], [Object] ],
35 silly resolved     _id: 'grunt-cli@0.1.13',
35 silly resolved     dist:
35 silly resolved      { shasum: 'e9ebc4047631f5012d922770c39378133cad10f4',
35 silly resolved        tarball: 'http://registry.npmjs.org/grunt-cli/-/grunt-cli-0.1.13.tgz' },
35 silly resolved     _from: 'grunt-cli@',
35 silly resolved     _npmVersion: '1.3.24',
35 silly resolved     _npmUser: { name: 'tkellen', email: 'tyler@sleekcode.net' },
35 silly resolved     maintainers: [ [Object] ],
35 silly resolved     directories: {},
35 silly resolved     _shasum: 'e9ebc4047631f5012d922770c39378133cad10f4',
35 silly resolved     _resolved: 'https://registry.npmjs.org/grunt-cli/-/grunt-cli-0.1.13.tgz',
35 silly resolved     readme: 'ERROR: No README data found!' } ]
36 info install grunt-cli@0.1.13 into /usr/lib
37 info installOne grunt-cli@0.1.13
38 info /usr/lib/node_modules/grunt-cli unbuild
39 verbose tar unpack /home/rodrigo/.npm/grunt-cli/0.1.13/package.tgz
40 silly lockFile 2107e595-r-usr-lib-node-modules-grunt-cli tar:///usr/lib/node_modules/grunt-cli
41 verbose lock tar:///usr/lib/node_modules/grunt-cli /home/rodrigo/.npm/2107e595-r-usr-lib-node-modules-grunt-cli.lock
42 silly lockFile 2b10eed8-npm-grunt-cli-0-1-13-package-tgz tar:///home/rodrigo/.npm/grunt-cli/0.1.13/package.tgz
43 verbose lock tar:///home/rodrigo/.npm/grunt-cli/0.1.13/package.tgz /home/rodrigo/.npm/2b10eed8-npm-grunt-cli-0-1-13-package-tgz.lock
44 silly gunzTarPerm modes [ '755', '644' ]
45 error Error: EACCES, mkdir '/usr/lib/node_modules/grunt-cli'
45 error  { [Error: EACCES, mkdir '/usr/lib/node_modules/grunt-cli']
45 error   errno: 3,
45 error   code: 'EACCES',
45 error   path: '/usr/lib/node_modules/grunt-cli',
45 error   fstream_type: 'Directory',
45 error   fstream_path: '/usr/lib/node_modules/grunt-cli',
45 error   fstream_class: 'DirWriter',
45 error   fstream_stack:
45 error    [ '/usr/lib/node_modules/npm/node_modules/fstream/lib/dir-writer.js:36:23',
45 error      '/usr/lib/node_modules/npm/node_modules/mkdirp/index.js:37:53',
45 error      'Object.oncomplete (fs.js:107:15)' ] }
46 error Please try running this command again as root/Administrator.
47 error System Linux 3.11.0-26-generic
48 error command "/usr/bin/node" "/usr/bin/npm" "install" "-g" "grunt-cli"
49 error cwd /home/rodrigo/idei4/projetos/site-institucional-idei4
50 error node -v v0.10.29
51 error npm -v 1.4.14
52 error path /usr/lib/node_modules/grunt-cli
53 error fstream_path /usr/lib/node_modules/grunt-cli
54 error fstream_type Directory
55 error fstream_class DirWriter
56 error code EACCES
57 error errno 3
58 error stack Error: EACCES, mkdir '/usr/lib/node_modules/grunt-cli'
59 error fstream_stack /usr/lib/node_modules/npm/node_modules/fstream/lib/dir-writer.js:36:23
59 error fstream_stack /usr/lib/node_modules/npm/node_modules/mkdirp/index.js:37:53
59 error fstream_stack Object.oncomplete (fs.js:107:15)
60 verbose exit [ 3, true ]
